[MainThread] INFO akana.container - Begin [Create Container]
[MainThread] INFO akana.container - Done
[MainThread] INFO akana.container - Running recipe [/opt/akana/ahs/2020/recipes/ps-nd-all.json][create] on [sb07_nd]
[MainThread] INFO akana.recipe - Opening recipe from [file:/opt/akana/ahs/2020/recipes/ps-nd-all.json]
[MainThread] INFO akana.recipe - Executing recipe [nd-complete] from [file:/opt/akana/ahs/2020/recipes/ps-nd-all.json]
[MainThread] INFO akana.recipe - Checking for prerequisite unless [com.soa.feature.network.director]
[MainThread] INFO akana.recipe - Satisfied prerequisite unless [(Bundle-SymbolicName=com.soa.feature.network.director)]
[MainThread] INFO akana.config - Setting system property [com.soa.http.host] value [192.168.1.33]
[MainThread] INFO akana.config - Setting system property [org.eclipse.jetty.servlet.SessionCookie] value [JSESSIONID_sb07_nd]
[MainThread] INFO akana.config - Setting system property [org.osgi.service.http.port.secure] value [9905]
[MainThread] INFO akana.config - Added configuration [com.soa.config]
[MainThread] INFO akana.bundles - Resolving features [[u'com.soa.platform.jetty', u'com.soa.admin.console', u'com.soa.feature.admin.monitoring', u'com.akana.admin.health']]
[MainThread] INFO akana.bundles - Resolving Features [[u'com.soa.platform.jetty', u'com.soa.admin.console', u'com.soa.feature.admin.monitoring', u'com.akana.admin.health']]
[MainThread] INFO akana.bundles - Feature Resolve completed [RESOLVED]
[MainThread] INFO akana.bundles - Resolved features, status [RESOLVED]
[MainThread] INFO akana.bundles - Deploying [4] Bundles
[MainThread] INFO akana.bundles - Installing Features [4] Bundles
[MainThread] INFO akana.bundles - Feature Install Completed [COMPLETE]
[MainThread] INFO akana.bundles - Deployed [4] Features, status [COMPLETE]
[MainThread] INFO akana.recipe - Completed recipe [nd-complete][create] in [0.0270001888275] Seconds
[MainThread] INFO akana.util - Testing container state...[-26] at [https://192.168.1.33:9905/admin/lifecycle/state]
[MainThread] INFO akana.util - Container unavailable [java.net.ConnectException: Connection refused (Connection refused)]
[MainThread] INFO akana.container - Starting container [sb07_nd][10003]
[MainThread] INFO akana.util - Testing container state...[358999] at [https://192.168.1.33:9905/admin/lifecycle/state]
[MainThread] INFO akana.util - Container unavailable [java.net.ConnectException: Connection refused (Connection refused)]
[MainThread] INFO akana.util - Testing container state...[357992] at [https://192.168.1.33:9905/admin/lifecycle/state]
[MainThread] INFO akana.util - Container unavailable [java.net.ConnectException: Connection refused (Connection refused)]
[MainThread] INFO akana.util - Testing container state...[356989] at [https://192.168.1.33:9905/admin/lifecycle/state]
[MainThread] INFO akana.util - Container unavailable [java.net.ConnectException: Connection refused (Connection refused)]
[MainThread] INFO akana.util - Testing container state...[355988] at [https://192.168.1.33:9905/admin/lifecycle/state]
[MainThread] INFO akana.util - Container unavailable [java.net.ConnectException: Connection refused (Connection refused)]
[MainThread] INFO akana.util - Testing container state...[354986] at [https://192.168.1.33:9905/admin/lifecycle/state]
[MainThread] INFO akana.util - Container unavailable [java.net.ConnectException: Connection refused (Connection refused)]
[MainThread] INFO akana.util - Testing container state...[353982] at [https://192.168.1.33:9905/admin/lifecycle/state]
[MainThread] INFO akana.util - Testing container state...[352734] at [https://192.168.1.33:9905/admin/lifecycle/state]
[MainThread] INFO akana.util - Testing container state...[351694] at [https://192.168.1.33:9905/admin/lifecycle/state]
[MainThread] INFO akana.util - Testing container state...[350636] at [https://192.168.1.33:9905/admin/lifecycle/state]
[MainThread] INFO akana.util - Waiting for container to start, status [STARTED]
[MainThread] INFO akana.container - Running recipe [/opt/akana/ahs/2020/recipes/ps-nd-all.json][deploy] on [sb07_nd]
[MainThread] INFO akana.recipe - Opening recipe from [file:/opt/akana/ahs/2020/recipes/ps-nd-all.json]
[MainThread] INFO akana.recipe - Executing recipe [nd-complete] from [file:/opt/akana/ahs/2020/recipes/ps-nd-all.json]
[MainThread] INFO akana.recipe - Checking for prerequisite unless [com.soa.feature.network.director]
[MainThread] INFO akana.recipe - Satisfied prerequisite unless [(Bundle-SymbolicName=com.soa.feature.network.director)]
[MainThread] INFO akana.bundles - Resolving features [[u'com.soa.feature.network.director']]
[MainThread] INFO akana.bundles - Resolving Features [[u'com.soa.feature.network.director']]
[MainThread] INFO akana.bundles - Waiting for resolve [3599000] status [RESOLVING]
[MainThread] INFO akana.bundles - Feature Resolve completed [RESOLVED]
[MainThread] INFO akana.bundles - Resolved features, status [RESOLVED]
[MainThread] INFO akana.bundles - Deploying [150] Bundles
[MainThread] INFO akana.bundles - Installing Features [150] Bundles
[MainThread] INFO akana.bundles - Waiting for install [3599000] status [UNKNOWN] total [150] installed [0]
[MainThread] INFO akana.bundles - Waiting for install [3598000] status [INSTALLING] total [161] installed [15]
[MainThread] INFO akana.bundles - Waiting for install [3597000] status [INSTALLING] total [161] installed [58]
[MainThread] INFO akana.bundles - Waiting for install [3596000] status [INSTALLING] total [161] installed [103]
[MainThread] INFO akana.bundles - Waiting for install [3595000] status [INSTALLING] total [161] installed [161]
[MainThread] INFO akana.bundles - Waiting for install [3594000] status [INSTALLING] total [161] installed [161]
[MainThread] INFO akana.bundles - Waiting for install [3593000] status [INSTALLING] total [161] installed [161]
[MainThread] INFO akana.bundles - Waiting for install [3592000] status [INSTALLING] total [161] installed [161]
[MainThread] INFO akana.bundles - Waiting for install [3591000] status [COMPLETING] total [161] installed [161]
[MainThread] INFO akana.bundles - Waiting for install [3590000] status [COMPLETING] total [161] installed [161]
[MainThread] INFO akana.bundles - Feature Install Completed [COMPLETE]
[MainThread] INFO akana.bundles - Deployed [1] Features, status [COMPLETE]
[MainThread] INFO akana.bundles - Installing Bundle [obr://com.soa.container.identity]
[MainThread] INFO akana.bundles - Waiting for install [3599000] status [UNKNOWN] total [1] installed [0]
[MainThread] INFO akana.bundles - Bundle deployed, status [COMPLETE]
[MainThread] INFO akana.tasks - Executing task [com.soa.container.identity]
[MainThread] INFO akana.tasks - Next step is [container.identity.select.action]
[MainThread] INFO akana.tasks - Executing step [container.identity.select.action]
[MainThread] INFO akana.tasks - Finished executing step [container.identity.select.action] in [23] mS. Status [SUCCESS]
[MainThread] INFO akana.tasks - Next step is [generate.pki.keys.and.x509]
[MainThread] INFO akana.tasks - Executing step [generate.pki.keys.and.x509]
[MainThread] INFO akana.tasks - Finished executing step [generate.pki.keys.and.x509] in [583] mS. Status [SUCCESS]
[MainThread] INFO akana.tasks - Finished executing task [com.soa.container.identity] in [663] mS, executed [2] steps
[MainThread] INFO akana.tasks - Looking for Task [com.soa.client.wsmex]
[MainThread] INFO akana.tasks - Executing task [com.soa.client.wsmex]
[MainThread] INFO akana.tasks - Next step is [configure.wsmex.options.task]
[MainThread] INFO akana.tasks - Executing step [configure.wsmex.options.task]
[MainThread] INFO akana.tasks - Waiting for step completion [119000] status [UNKNOWN][]
[MainThread] INFO akana.tasks - Finished executing step [configure.wsmex.options.task] in [1017] mS. Status [SUCCESS]
[MainThread] INFO akana.tasks - Finished executing task [com.soa.client.wsmex] in [1044] mS, executed [1] steps
[MainThread] INFO akana.recipe - Completed recipe [nd-complete][deploy] in [15.7190001011] Seconds
[MainThread] INFO akana.container - Running recipe [/opt/akana/ahs/2020/recipes/ps-nd-all.json][update] on [sb07_nd]
[MainThread] INFO akana.recipe - Opening recipe from [file:/opt/akana/ahs/2020/recipes/ps-nd-all.json]
[MainThread] INFO akana.container - Running recipe [/opt/akana/ahs/2020/recipes/ps-nd-all.json][finalize] on [sb07_nd]
[MainThread] INFO akana.recipe - Opening recipe from [file:/opt/akana/ahs/2020/recipes/ps-nd-all.json]
[MainThread] INFO akana.recipe - Executing recipe [nd-complete] from [file:/opt/akana/ahs/2020/recipes/ps-nd-all.json]
[MainThread] INFO akana.recipe - Checking for prerequisite unless [com.soa.feature.network.director]
[MainThread] WARN akana.recipe - Unsatisfied Prerequisite unless [(Bundle-SymbolicName=com.soa.feature.network.director)]
[MainThread] INFO akana.recipe - Completed recipe [nd-complete][finalize] in [0.0160000324249] Seconds
