[MainThread] INFO akana.container - Running recipe [/data/u01/apps/Akana/2020/recipes/ps-final-provision.json][deploy] on [pm_int]
[MainThread] INFO akana.recipe - Opening recipe from [file:/data/u01/apps/Akana/2020/recipes/ps-final-provision.json]
[MainThread] INFO akana.recipe - Executing recipe [pmcm-provision-task] from [file:/data/u01/apps/Akana/2020/recipes/ps-final-provision.json]
[MainThread] INFO akana.tasks - Looking for Task [com.soa.atmo.api.provisioning.task]
[MainThread] INFO akana.tasks - Executing task [com.soa.atmo.api.provisioning.task]
[MainThread] INFO akana.tasks - Next step is [com.soa.atmo.api.provisioning.task]
[MainThread] INFO akana.tasks - Executing step [com.soa.atmo.api.provisioning.task]
[MainThread] INFO akana.tasks - Waiting for step completion [239000] status [UNKNOWN][]
[MainThread] INFO akana.tasks - Waiting for step completion [238000] status [RUNNING][]
[MainThread] INFO akana.tasks - Waiting for step completion [237000] status [RUNNING][]
[MainThread] INFO akana.tasks - Waiting for step completion [236000] status [RUNNING][]
[MainThread] INFO akana.tasks - Waiting for step completion [235000] status [RUNNING][]
[MainThread] INFO akana.tasks - Waiting for step completion [234000] status [RUNNING][]
[MainThread] INFO akana.tasks - Waiting for step completion [233000] status [RUNNING][]
[MainThread] INFO akana.tasks - Waiting for step completion [232000] status [RUNNING][]
[MainThread] INFO akana.tasks - Waiting for step completion [231000] status [RUNNING][]
[MainThread] INFO akana.tasks - Waiting for step completion [230000] status [RUNNING][]
[MainThread] INFO akana.tasks - Waiting for step completion [229000] status [RUNNING][]
[MainThread] INFO akana.tasks - Waiting for step completion [228000] status [RUNNING][]
[MainThread] INFO akana.tasks - Waiting for step completion [227000] status [RUNNING][]
[MainThread] INFO akana.tasks - Waiting for step completion [226000] status [RUNNING][]
[MainThread] INFO akana.tasks - Waiting for step completion [225000] status [RUNNING][]
[MainThread] INFO akana.tasks - Finished executing step [com.soa.atmo.api.provisioning.task] in [15109] mS. Status [SUCCESS]
[MainThread] INFO akana.tasks - Finished executing task [com.soa.atmo.api.provisioning.task] in [15130] mS, executed [1] steps
[MainThread] INFO akana.tasks - Looking for Task [com.soa.provision.task]
[MainThread] INFO akana.tasks - Executing task [com.soa.provision.task]
[MainThread] INFO akana.tasks - Next step is [perform.provisioning]
[MainThread] INFO akana.tasks - Executing step [perform.provisioning]
[MainThread] INFO akana.tasks - Waiting for step completion [7199000] status [UNKNOWN][]
[MainThread] INFO akana.tasks - Waiting for step completion [7198000] status [RUNNING][Script Provisioned jsonpath-0.8.0]
[MainThread] INFO akana.tasks - Waiting for step completion [7197000] status [RUNNING][Service Provisioned. uddi:soa.com:script-admin-servicekey]
[MainThread] INFO akana.tasks - Waiting for step completion [7196000] status [RUNNING][Service Provisioned. uddi:soa.com:application-metric-collector-servicekey]
[MainThread] INFO akana.tasks - Waiting for step completion [7195000] status [RUNNING][Service Provisioned. uddi:soa.com:repository.ext-servicekey]
[MainThread] INFO akana.tasks - Waiting for step completion [7194000] status [RUNNING][Service Provisioned. uddi:soa.com:uddi-v3-inquiry-servicekey]
[MainThread] INFO akana.tasks - Waiting for step completion [7193000] status [RUNNING][Service Provisioned. uddi:soa.com:rest-services-servicekey]
[MainThread] INFO akana.tasks - Waiting for step completion [7192000] status [RUNNING][Service Provisioned. uddi:soa.com:remote-exports-mgmt-servicekey]
[MainThread] INFO akana.tasks - Waiting for step completion [7191000] status [RUNNING][Service Provisioned. uddi:soa.com:service-endpoint-servicekey]
[MainThread] INFO akana.tasks - Waiting for step completion [7190000] status [RUNNING][Service Provisioned. uddi:soa.com:rm-servicekey]
[MainThread] INFO akana.tasks - Waiting for step completion [7189000] status [RUNNING][Service Provisioned. uddi:soa.com:atmosphere:EnvironmentAPI]
[MainThread] INFO akana.tasks - Waiting for step completion [7188000] status [RUNNING][Service Provisioned. uddi:soa.com:atmosphere:EventAPI]
[MainThread] INFO akana.tasks - Waiting for step completion [7187000] status [RUNNING][Service Provisioned. uddi:soa.com:atmosphere:DropboxApi]
[MainThread] INFO akana.tasks - Waiting for step completion [7186000] status [RUNNING][Service Provisioned. uddi:soa.com:atmosphere:APIContractAPI]
[MainThread] INFO akana.tasks - Waiting for step completion [7185000] status [RUNNING][Service Provisioned. uddi:soa.com:atmosphere:DeploymentZoneAPI]
[MainThread] INFO akana.tasks - Waiting for step completion [7184000] status [RUNNING][Service Provisioned. uddi:soa.com:wsdl-technote-servicekey]
[MainThread] INFO akana.tasks - Waiting for step completion [7183000] status [RUNNING][Service Provisioned. uddi:soa.com:contracts-servicekey]
[MainThread] INFO akana.tasks - Waiting for step completion [7182000] status [RUNNING][Service Provisioned. uddi:soa.com:container-servicekey]
[MainThread] INFO akana.tasks - Waiting for step completion [7181000] status [RUNNING][Service Provisioned. uddi:soa.com:ws-trust-validate-serviceKey]
[MainThread] INFO akana.tasks - Waiting for step completion [7180000] status [RUNNING][Service Provisioned. uddi:soa.com:uddi-v3-subscription-servicekey]
[MainThread] INFO akana.tasks - Waiting for step completion [7179000] status [RUNNING][Service Provisioned. uddi:soa.com:atmosphere:PortalSettingsAPI]
[MainThread] INFO akana.tasks - Waiting for step completion [7178000] status [RUNNING][Service Provisioned. uddi:soa.com:atmosphere:SearchAPI]
[MainThread] INFO akana.tasks - Waiting for step completion [7177000] status [RUNNING][Service Provisioned. uddi:soa.com:atmosphere:ForwardProxyApi]
[MainThread] INFO akana.tasks - Waiting for step completion [7176000] status [RUNNING][Service Provisioned. uddi:soa.com:atmosphere:PasswordManagementAPI]
[MainThread] INFO akana.tasks - Waiting for step completion [7175000] status [RUNNING][Service Provisioned. uddi:soa.com:atmosphere:OAuthClientApi]
[MainThread] INFO akana.tasks - Waiting for step completion [7174000] status [RUNNING][Service Provisioned. uddi:soa.com:atmosphere:NotificationAPI]
[MainThread] INFO akana.tasks - Waiting for step completion [7173000] status [RUNNING][Service Provisioned. uddi:soa.com:atmosphere:AssetEnvironmentAPI]
[MainThread] INFO akana.tasks - Waiting for step completion [7172000] status [RUNNING][Service Provisioned. uddi:soa.com:uddi-v3-security-servicekey]
[MainThread] INFO akana.tasks - Waiting for step completion [7171000] status [RUNNING][Service Provisioned. uddi:soa.com:alert-admin-servicekey]
[MainThread] INFO akana.tasks - Waiting for step completion [7170000] status [RUNNING][Service Provisioned. uddi:soa.com:atmosphere:SecurityDomainAPI]
[MainThread] INFO akana.tasks - Waiting for step completion [7169000] status [RUNNING][Service Provisioned. uddi:soa.com:atmosphere:SecurityDomainAPI]
[MainThread] INFO akana.tasks - Finished executing step [perform.provisioning] in [32139] mS. Status [SUCCESS]
[MainThread] INFO akana.tasks - Finished executing task [com.soa.provision.task] in [32155] mS, executed [1] steps
[MainThread] INFO akana.recipe - Completed recipe [pmcm-provision-task][deploy] in [49.8129999638] Seconds
[MainThread] INFO akana.container - Running recipe [/data/u01/apps/Akana/2020/recipes/ps-final-provision.json][update] on [pm_int]
[MainThread] INFO akana.recipe - Opening recipe from [file:/data/u01/apps/Akana/2020/recipes/ps-final-provision.json]
[MainThread] INFO akana.container - Running recipe [/data/u01/apps/Akana/2020/recipes/ps-final-provision.json][finalize] on [pm_int]
[MainThread] INFO akana.recipe - Opening recipe from [file:/data/u01/apps/Akana/2020/recipes/ps-final-provision.json]
